CRITICAL - 2022-02-04 08:08:23 --> Undefined variable: modules
#0 D:\xampp\htdocs\ihc\dashboard\app\Views\pages\app\home.php(4): CodeIgniter\Debug\Exceptions->errorHandler(8, 'Undefined varia...', 'D:\\xampp\\htdocs...', 4, Array)
#1 D:\xampp\htdocs\ihc\dashboard\vendor\codeigniter4\framework\system\View\View.php(210): include('D:\\xampp\\htdocs...')
#2 D:\xampp\htdocs\ihc\dashboard\vendor\codeigniter4\framework\system\View\View.php(213): CodeIgniter\View\View->CodeIgniter\View\{closure}()
#3 D:\xampp\htdocs\ihc\dashboard\vendor\codeigniter4\framework\system\Common.php(1089): CodeIgniter\View\View->render('pages/app/home', Array, true)
#4 D:\xampp\htdocs\ihc\dashboard\app\Controllers\Apps.php(22): view('pages/app/home', Array)
#5 D:\xampp\htdocs\ihc\dashboard\vendor\codeigniter4\framework\system\CodeIgniter.php(825): App\Controllers\Apps->index()
#6 D:\xampp\htdocs\ihc\dashboard\vendor\codeigniter4\framework\system\CodeIgniter.php(412): CodeIgniter\CodeIgniter->runController(Object(App\Controllers\Apps))
#7 D:\xampp\htdocs\ihc\dashboard\vendor\codeigniter4\framework\system\CodeIgniter.php(320): CodeIgniter\CodeIgniter->handleRequest(NULL, Object(Config\Cache), false)
#8 D:\xampp\htdocs\ihc\dashboard\index.php(37): CodeIgniter\CodeIgniter->run()
#9 {main}
CRITICAL - 2022-02-04 08:52:23 --> Undefined variable: modules
#0 D:\xampp\htdocs\ihc\dashboard\app\Views\pages\app\home.php(4): CodeIgniter\Debug\Exceptions->errorHandler(8, 'Undefined varia...', 'D:\\xampp\\htdocs...', 4, Array)
#1 D:\xampp\htdocs\ihc\dashboard\vendor\codeigniter4\framework\system\View\View.php(210): include('D:\\xampp\\htdocs...')
#2 D:\xampp\htdocs\ihc\dashboard\vendor\codeigniter4\framework\system\View\View.php(213): CodeIgniter\View\View->CodeIgniter\View\{closure}()
#3 D:\xampp\htdocs\ihc\dashboard\vendor\codeigniter4\framework\system\Common.php(1089): CodeIgniter\View\View->render('pages/app/home', Array, true)
#4 D:\xampp\htdocs\ihc\dashboard\app\Controllers\Apps.php(22): view('pages/app/home', Array)
#5 D:\xampp\htdocs\ihc\dashboard\vendor\codeigniter4\framework\system\CodeIgniter.php(825): App\Controllers\Apps->index()
#6 D:\xampp\htdocs\ihc\dashboard\vendor\codeigniter4\framework\system\CodeIgniter.php(412): CodeIgniter\CodeIgniter->runController(Object(App\Controllers\Apps))
#7 D:\xampp\htdocs\ihc\dashboard\vendor\codeigniter4\framework\system\CodeIgniter.php(320): CodeIgniter\CodeIgniter->handleRequest(NULL, Object(Config\Cache), false)
#8 D:\xampp\htdocs\ihc\dashboard\index.php(37): CodeIgniter\CodeIgniter->run()
#9 {main}
CRITICAL - 2022-02-04 08:53:01 --> Undefined variable: url
#0 D:\xampp\htdocs\ihc\dashboard\app\Views\theme\theme.php(17): CodeIgniter\Debug\Exceptions->errorHandler(8, 'Undefined varia...', 'D:\\xampp\\htdocs...', 17, Array)
#1 D:\xampp\htdocs\ihc\dashboard\vendor\codeigniter4\framework\system\View\View.php(210): include('D:\\xampp\\htdocs...')
#2 D:\xampp\htdocs\ihc\dashboard\vendor\codeigniter4\framework\system\View\View.php(213): CodeIgniter\View\View->CodeIgniter\View\{closure}()
#3 D:\xampp\htdocs\ihc\dashboard\vendor\codeigniter4\framework\system\View\View.php(226): CodeIgniter\View\View->render('theme/theme', Array, true)
#4 D:\xampp\htdocs\ihc\dashboard\vendor\codeigniter4\framework\system\Common.php(1089): CodeIgniter\View\View->render('pages/app/home', Array, true)
#5 D:\xampp\htdocs\ihc\dashboard\app\Controllers\Apps.php(22): view('pages/app/home', Array)
#6 D:\xampp\htdocs\ihc\dashboard\vendor\codeigniter4\framework\system\CodeIgniter.php(825): App\Controllers\Apps->index()
#7 D:\xampp\htdocs\ihc\dashboard\vendor\codeigniter4\framework\system\CodeIgniter.php(412): CodeIgniter\CodeIgniter->runController(Object(App\Controllers\Apps))
#8 D:\xampp\htdocs\ihc\dashboard\vendor\codeigniter4\framework\system\CodeIgniter.php(320): CodeIgniter\CodeIgniter->handleRequest(NULL, Object(Config\Cache), false)
#9 D:\xampp\htdocs\ihc\dashboard\index.php(37): CodeIgniter\CodeIgniter->run()
#10 {main}
